This is LuaTeX, Version 1.11.2 (MiKTeX 2.9.7250 64-bit)  (format=lualatex 2019.12.2)  2 DEC 2019 16:43
 restricted system commands enabled.
**awesome-cv.cls
(./awesome-cv.cls
LaTeX2e <2019-10-01> patch level 3
Lua module: luaotfload-main 2019-11-10 3.11 luaotfload entry point
Lua module: luaotfload-init 2019-11-10 3.11 luaotfload submodule / initializatio
n
Lua module: lualibs 2019-11-06 2.69 ConTeXt Lua standard libraries.
Lua module: lualibs-extended 2019-11-06 2.69 ConTeXt Lua libraries -- extended c
ollection.
Lua module: luaotfload-log 2019-11-10 3.11 luaotfload submodule / logging
Lua module: luaotfload-parsers 2019-11-10 3.11 luaotfload submodule / filelist
Lua module: luaotfload-configuration 2019-11-10 3.11 luaotfload submodule / conf
ig file reader
luaotfload | conf : Root cache directory is C:/Users/hp/AppData/Local/MiKTeX/2.9
/luatex-cache/generic/names.
luaotfload | init : Loading fontloader “fontloader-2019-10-29.lua” from kpse
-resolved path “C:/Users/hp/AppData/Local/Programs/MiKTeX 2.9/tex/luatex/luaot
fload/fontloader-2019-10-29.lua”.
Lua-only attribute luaotfload@state = 2
Lua-only attribute luaotfload@noligature = 3
Lua-only attribute luaotfload@syllabe = 4
luaotfload | init : Context OpenType loader version “3.11”
Inserting `luaotfload.node_processor' at position 1 in `pre_linebreak_filter'.
Inserting `luaotfload.node_processor' at position 1 in `hpack_filter'.
Lua module: luaotfload-loaders 2019-11-10 3.11 luaotfload submodule / callback h
andling
Inserting `luaotfload.define_font' at position 1 in `define_font'.
Lua module: luaotfload-database 2019-11-10 3.11 luaotfload submodule / database
Lua module: luaotfload-unicode 2019-11-10 3.11 luaotfload submodule / Unicode he
lpers
Lua module: luaotfload-colors 2019-11-10 3.11 luaotfload submodule / color
Lua-only attribute luaotfload_color_attribute = 5
Lua module: luaotfload-resolvers 2019-11-10 3.11 luaotfload submodule / resolver
s
luaotfload | conf : Root cache directory is C:/Users/hp/AppData/Local/MiKTeX/2.9
/luatex-cache/generic/names.
Lua module: luaotfload-features 2019-11-10 3.11 luaotfload submodule / features
Lua module: luaotfload-letterspace 2019-11-10 3.11 luaotfload submodule / color
Lua module: luaotfload-embolden 2019-11-10 3.11 luaotfload submodule / color
Lua module: luaotfload-notdef 2019-11-10 3.11 luaotfload submodule / color
Lua module: luaotfload-auxiliary 2019-11-10 3.11 luaotfload submodule / auxiliar
y functions
Inserting `luaotfload.aux.set_sscale_dimens' at position 1 in `luaotfload.patch_
font'.
Inserting `luaotfload.aux.set_font_index' at position 2 in `luaotfload.patch_fon
t'.
Inserting `luaotfload.aux.patch_cambria_domh' at position 3 in `luaotfload.patch
_font'.
Inserting `luaotfload.aux.fixup_fontdata' at position 1 in `luaotfload.patch_fon
t_unsafe'.
Inserting `luaotfload.aux.set_capheight' at position 4 in `luaotfload.patch_font
'.
Inserting `luaotfload.aux.set_xheight' at position 5 in `luaotfload.patch_font'.
Lua module: luaotfload-multiscript 2019-11-10 3.11 luaotfload submodule / multis
cript
Lua module: luaotfload-tounicode 2019-11-10 3.11 luaotfload submodule / tounicod
e
Inserting `luaotfload.rewrite_fontname' at position 6 in `luaotfload.patch_font'
.
luaotfload | main : initialization completed in 2.669 seconds

LaTeX Warning: You have requested package `',
               but the package provides `awesome-cv'.

Package: awesome-cv 2017/02/05 v1.6.1 Awesome Curriculum Vitae Class
("C:/Users/hp/AppData/Local/Programs/MiKTeX 2.9/tex/latex/base/article.cls"
Document Class: article 2019/10/25 v1.4k Standard LaTeX document class
("C:/Users/hp/AppData/Local/Programs/MiKTeX 2.9/tex/latex/base/size10.clo"
File: size10.clo 2019/10/25 v1.4k Standard LaTeX file (size option)
luaotfload | db : Font names database loaded from C:/Users/hp/AppData/Local/MiKT
eX/2.9/luatex-cache/generic/names/luaotfload-names.luc)
\c@part=\count80
\c@section=\count81
\c@subsection=\count82
\c@subsubsection=\count83
\c@paragraph=\count84
\c@subparagraph=\count85
\c@figure=\count86
\c@table=\count87
\abovecaptionskip=\skip41
\belowcaptionskip=\skip42
\bibindent=\dimen102
)
("C:/Users/hp/AppData/Local/Programs/MiKTeX 2.9/tex/latex/tools/array.sty"
Package: array 2019/08/31 v2.4l Tabular extension package (FMi)
\col@sep=\dimen103
\ar@mcellbox=\box27
\extrarowheight=\dimen104
\NC@list=\toks14
\extratabsurround=\skip43
\backup@length=\skip44
\ar@cellbox=\box28
)
("C:/Users/hp/AppData/Local/Programs/MiKTeX 2.9/tex/latex/enumitem/enumitem.sty
"
Package: enumitem 2019/06/20 v3.9 Customized lists
\enitkv@toks@=\toks15
\labelindent=\skip45
\enit@outerparindent=\dimen105
\enit@toks=\toks16
\enit@inbox=\box29
\enit@count@id=\count88
\enitdp@description=\count89
)
("C:/Users/hp/AppData/Local/Programs/MiKTeX 2.9/tex/latex/ragged2e/ragged2e.sty
"
Package: ragged2e 2019/07/28 v2.2 ragged2e Package (MS)
 ("C:/Users/hp/AppData/Local/Programs/MiKTeX 2.9/tex/latex/ms/everysel.sty"
Package: everysel 2011/10/28 v1.2 EverySelectfont Package (MS)
)
\CenteringLeftskip=\skip46
\RaggedLeftLeftskip=\skip47
\RaggedRightLeftskip=\skip48
\CenteringRightskip=\skip49
\RaggedLeftRightskip=\skip50
\RaggedRightRightskip=\skip51
\CenteringParfillskip=\skip52
\RaggedLeftParfillskip=\skip53
\RaggedRightParfillskip=\skip54
\JustifyingParfillskip=\skip55
\CenteringParindent=\skip56
\RaggedLeftParindent=\skip57
\RaggedRightParindent=\skip58
\JustifyingParindent=\skip59
)
("C:/Users/hp/AppData/Local/Programs/MiKTeX 2.9/tex/latex/geometry-de/geometry.
sty"
Package: geometry 2010/09/12 v5.6 Page Geometry

("C:/Users/hp/AppData/Local/Programs/MiKTeX 2.9/tex/latex/graphics/keyval.sty"
Package: keyval 2014/10/28 v1.15 key=value parser (DPC)
\KV@toks@=\toks17
) ("C:/Users/hp/AppData/Local/Programs/MiKTeX 2.9/tex/generic/iftex/ifpdf.sty"
Package: ifpdf 2019/10/25 v3.4 ifpdf legacy package. Use iftex instead.

("C:/Users/hp/AppData/Local/Programs/MiKTeX 2.9/tex/generic/iftex/iftex.sty"
Package: iftex 2019/11/07 v1.0c TeX engine tests
))
("C:/Users/hp/AppData/Local/Programs/MiKTeX 2.9/tex/generic/iftex/ifvtex.sty"
Package: ifvtex 2019/10/25 v1.7 ifvtex legacy package. Use iftex instead.
)
("C:/Users/hp/AppData/Local/Programs/MiKTeX 2.9/tex/generic/iftex/ifxetex.sty"
Package: ifxetex 2019/10/25 v0.7 ifxetex legacy package. Use iftex instead.
)
\Gm@cnth=\count90
\Gm@cntv=\count91
\c@Gm@tempcnt=\count92
\Gm@bindingoffset=\dimen106
\Gm@wd@mp=\dimen107
\Gm@odd@mp=\dimen108
\Gm@even@mp=\dimen109
\Gm@layoutwidth=\dimen110
\Gm@layoutheight=\dimen111
\Gm@layouthoffset=\dimen112
\Gm@layoutvoffset=\dimen113
\Gm@dimlist=\toks18
("C:/Users/hp/AppData/Local/Programs/MiKTeX 2.9/tex/latex/geometry/geometry.cfg
"))
("C:/Users/hp/AppData/Local/Programs/MiKTeX 2.9/tex/latex/fancyhdr/fancyhdr.sty
"
Package: fancyhdr 2019/01/31 v3.10 Extensive control of page headers and footers

\f@nch@headwidth=\skip60
\f@nch@O@elh=\skip61
\f@nch@O@erh=\skip62
\f@nch@O@olh=\skip63
\f@nch@O@orh=\skip64
\f@nch@O@elf=\skip65
\f@nch@O@erf=\skip66
\f@nch@O@olf=\skip67
\f@nch@O@orf=\skip68
) ("C:/Users/hp/AppData/Local/Programs/MiKTeX 2.9/tex/latex/xcolor/xcolor.sty"
Package: xcolor 2016/05/11 v2.12 LaTeX color extensions (UK)

("C:/Users/hp/AppData/Local/Programs/MiKTeX 2.9/tex/latex/graphics-cfg/color.cf
g"
File: color.cfg 2016/01/02 v1.6 sample color configuration
)
Package xcolor Info: Driver file: luatex.def on input line 225.

("C:/Users/hp/AppData/Local/Programs/MiKTeX 2.9/tex/latex/graphics-def/luatex.d
ef"
File: luatex.def 2018/01/08 v1.0l Graphics/color driver for luatex
)
Package xcolor Info: Model `cmy' substituted by `cmy0' on input line 1348.
Package xcolor Info: Model `hsb' substituted by `rgb' on input line 1352.
Package xcolor Info: Model `RGB' extended on input line 1364.
Package xcolor Info: Model `HTML' substituted by `rgb' on input line 1366.
Package xcolor Info: Model `Hsb' substituted by `hsb' on input line 1367.
Package xcolor Info: Model `tHsb' substituted by `hsb' on input line 1368.
Package xcolor Info: Model `HSB' substituted by `hsb' on input line 1369.
Package xcolor Info: Model `Gray' substituted by `gray' on input line 1370.
Package xcolor Info: Model `wave' substituted by `hsb' on input line 1371.
)
("C:/Users/hp/AppData/Local/Programs/MiKTeX 2.9/tex/latex/xifthen/xifthen.sty"
Package: xifthen 2015/11/05 v1.4.0 Extended ifthen features

("C:/Users/hp/AppData/Local/Programs/MiKTeX 2.9/tex/latex/tools/calc.sty"
Package: calc 2017/05/25 v4.3 Infix arithmetic (KKT,FJ)
\calc@Acount=\count93
\calc@Bcount=\count94
\calc@Adimen=\dimen114
\calc@Bdimen=\dimen115
\calc@Askip=\skip69
\calc@Bskip=\skip70
LaTeX Info: Redefining \setlength on input line 80.
LaTeX Info: Redefining \addtolength on input line 81.
\calc@Ccount=\count95
\calc@Cskip=\skip71
)
("C:/Users/hp/AppData/Local/Programs/MiKTeX 2.9/tex/latex/base/ifthen.sty"
Package: ifthen 2014/09/29 v1.1c Standard LaTeX ifthen package (DPC)
)
("C:/Users/hp/AppData/Local/Programs/MiKTeX 2.9/tex/latex/ifmtarg/ifmtarg.sty"
Package: ifmtarg 2018/04/16 v1.2b check for an empty argument
))
("C:/Users/hp/AppData/Local/Programs/MiKTeX 2.9/tex/latex/etoolbox/etoolbox.sty
"
Package: etoolbox 2019/09/21 v2.5h e-TeX tools for LaTeX (JAW)
\etb@tempcnta=\count96
)
("C:/Users/hp/AppData/Local/Programs/MiKTeX 2.9/tex/latex/setspace/setspace.sty
"
Package: setspace 2011/12/19 v6.7a set line spacing
)
("C:/Users/hp/AppData/Local/Programs/MiKTeX 2.9/tex/latex/fontspec/fontspec.sty
"
("C:/Users/hp/AppData/Local/Programs/MiKTeX 2.9/tex/latex/l3packages/xparse/xpa
rse.sty"
("C:/Users/hp/AppData/Local/Programs/MiKTeX 2.9/tex/latex/l3kernel/expl3.sty"
Package: expl3 2019-11-07 L3 programming layer (loader) 

("C:/Users/hp/AppData/Local/Programs/MiKTeX 2.9/tex/latex/l3kernel/expl3-code.t
ex"
Package: expl3 2019-11-07 L3 programming layer (code)
\c_max_int=\count97
\l_tmpa_int=\count98
\l_tmpb_int=\count99
\g_tmpa_int=\count100
\g_tmpb_int=\count101
\l__seq_internal_a_int=\count102
\l__seq_internal_b_int=\count103
\g__kernel_prg_map_int=\count104
\c__ior_term_noprompt_ior=\count105
\c_log_iow=\count106
\l_iow_line_count_int=\count107
\l__iow_line_target_int=\count108
\l__iow_one_indent_int=\count109
\l__iow_indent_int=\count110
\c_zero_dim=\dimen116
\c_max_dim=\dimen117
\l_tmpa_dim=\dimen118
\l_tmpb_dim=\dimen119
\g_tmpa_dim=\dimen120
\g_tmpb_dim=\dimen121
\c_zero_skip=\skip72
\c_max_skip=\skip73
\l_tmpa_skip=\skip74
\l_tmpb_skip=\skip75
\g_tmpa_skip=\skip76
\g_tmpb_skip=\skip77
\c_zero_muskip=\muskip10
\c_max_muskip=\muskip11
\l_tmpa_muskip=\muskip12
\l_tmpb_muskip=\muskip13
\g_tmpa_muskip=\muskip14
\g_tmpb_muskip=\muskip15
\l_keys_choice_int=\count111
\l__intarray_loop_int=\count112
\c__intarray_sp_dim=\dimen122
\g__intarray_font_int=\count113
\c__fp_leading_shift_int=\count114
\c__fp_middle_shift_int=\count115
\c__fp_trailing_shift_int=\count116
\c__fp_big_leading_shift_int=\count117
\c__fp_big_middle_shift_int=\count118
\c__fp_big_trailing_shift_int=\count119
\c__fp_Bigg_leading_shift_int=\count120
\c__fp_Bigg_middle_shift_int=\count121
\c__fp_Bigg_trailing_shift_int=\count122
\g__fp_array_int=\count123
\l__fp_array_loop_int=\count124
\l__sort_length_int=\count125
\l__sort_min_int=\count126
\l__sort_top_int=\count127
\l__sort_max_int=\count128
\l__sort_true_max_int=\count129
\l__sort_block_int=\count130
\l__sort_begin_int=\count131
\l__sort_end_int=\count132
\l__sort_A_int=\count133
\l__sort_B_int=\count134
\l__sort_C_int=\count135
\l__str_internal_int=\count136
\l__tl_analysis_normal_int=\count137
\l__tl_analysis_index_int=\count138
\l__tl_analysis_nesting_int=\count139
\l__tl_analysis_type_int=\count140
\l__regex_internal_a_int=\count141
\l__regex_internal_b_int=\count142
\l__regex_internal_c_int=\count143
\l__regex_balance_int=\count144
\l__regex_group_level_int=\count145
\l__regex_mode_int=\count146
\c__regex_cs_in_class_mode_int=\count147
\c__regex_cs_mode_int=\count148
\l__regex_catcodes_int=\count149
\l__regex_default_catcodes_int=\count150
\c__regex_catcode_L_int=\count151
\c__regex_catcode_O_int=\count152
\c__regex_catcode_A_int=\count153
\c__regex_all_catcodes_int=\count154
\l__regex_show_lines_int=\count155
\l__regex_min_state_int=\count156
\l__regex_max_state_int=\count157
\l__regex_left_state_int=\count158
\l__regex_right_state_int=\count159
\l__regex_capturing_group_int=\count160
\l__regex_min_pos_int=\count161
\l__regex_max_pos_int=\count162
\l__regex_curr_pos_int=\count163
\l__regex_start_pos_int=\count164
\l__regex_success_pos_int=\count165
\l__regex_curr_char_int=\count166
\l__regex_curr_catcode_int=\count167
\l__regex_last_char_int=\count168
\l__regex_case_changed_char_int=\count169
\l__regex_curr_state_int=\count170
\l__regex_step_int=\count171
\l__regex_min_active_int=\count172
\l__regex_max_active_int=\count173
\l__regex_replacement_csnames_int=\count174
\l__regex_match_count_int=\count175
\l__regex_min_submatch_int=\count176
\l__regex_submatch_int=\count177
\l__regex_zeroth_submatch_int=\count178
\g__regex_trace_regex_int=\count179
\c_empty_box=\box30
\l_tmpa_box=\box31
\l_tmpb_box=\box32
\g_tmpa_box=\box33
\g_tmpb_box=\box34
\l__box_top_dim=\dimen123
\l__box_bottom_dim=\dimen124
\l__box_left_dim=\dimen125
\l__box_right_dim=\dimen126
\l__box_top_new_dim=\dimen127
\l__box_bottom_new_dim=\dimen128
\l__box_left_new_dim=\dimen129
\l__box_right_new_dim=\dimen130
\l__box_internal_box=\box35
\l__coffin_internal_box=\box36
\l__coffin_internal_dim=\dimen131
\l__coffin_offset_x_dim=\dimen132
\l__coffin_offset_y_dim=\dimen133
\l__coffin_x_dim=\dimen134
\l__coffin_y_dim=\dimen135
\l__coffin_x_prime_dim=\dimen136
\l__coffin_y_prime_dim=\dimen137
\c_empty_coffin=\box37
\l__coffin_aligned_coffin=\box38
\l__coffin_aligned_internal_coffin=\box39
\l_tmpa_coffin=\box40
\l_tmpb_coffin=\box41
\g_tmpa_coffin=\box42
\g_tmpb_coffin=\box43
\l__coffin_bounding_shift_dim=\dimen138
\l__coffin_left_corner_dim=\dimen139
\l__coffin_right_corner_dim=\dimen140
\l__coffin_bottom_corner_dim=\dimen141
\l__coffin_top_corner_dim=\dimen142
\l__coffin_scaled_total_height_dim=\dimen143
\l__coffin_scaled_width_dim=\dimen144
\c__coffin_empty_coffin=\box44
\l__coffin_display_coffin=\box45
\l__coffin_display_coord_coffin=\box46
\l__coffin_display_pole_coffin=\box47
\l__coffin_display_offset_dim=\dimen145
\l__coffin_display_x_dim=\dimen146
\l__coffin_display_y_dim=\dimen147
\g__char_data_ior=\read1

("C:/Users/hp/AppData/Local/Programs/MiKTeX 2.9/tex/latex/l3kernel/l3deprecatio
n.def"
File: l3deprecation.def 2019-04-06 v L3 Deprecated functions
))
("C:/Users/hp/AppData/Local/Programs/MiKTeX 2.9/tex/latex/l3backend/l3backend-p
dfmode.def"
File: l3backend-pdfmode.def 2019-04-06 L3 backend support: PDF mode
\l__kernel_color_stack_int=\count180
\l__pdf_internal_box=\box48
))
Package: xparse 2019-10-11 L3 Experimental document command parser
\l__xparse_current_arg_int=\count181
\g__xparse_grabber_int=\count182
\l__xparse_m_args_int=\count183
\l__xparse_v_nesting_int=\count184
)
Package: fontspec 2019/10/19 v2.7d Font selection for XeLaTeX and LuaLaTeX
Lua module: fontspec 2019/10/19 2.7d Font selection for XeLaTeX and LuaLaTeX
("C:/Users/hp/AppData/Local/Programs/MiKTeX 2.9/tex/latex/fontspec/fontspec-lua
tex.sty"
Package: fontspec-luatex 2019/10/19 v2.7d Font selection for XeLaTeX and LuaLaTe
X
\l__fontspec_script_int=\count185
\l__fontspec_language_int=\count186
\l__fontspec_strnum_int=\count187
\l__fontspec_tmp_int=\count188
\l__fontspec_tmpa_int=\count189
\l__fontspec_tmpb_int=\count190
\l__fontspec_tmpc_int=\count191
\l__fontspec_em_int=\count192
\l__fontspec_emdef_int=\count193
\l__fontspec_strong_int=\count194
\l__fontspec_strongdef_int=\count195
\l__fontspec_tmpa_dim=\dimen148
\l__fontspec_tmpb_dim=\dimen149
\l__fontspec_tmpc_dim=\dimen150

("C:/Users/hp/AppData/Local/Programs/MiKTeX 2.9/tex/latex/base/fontenc.sty"
Package: fontenc 2018/08/11 v2.0j Standard LaTeX package

("C:/Users/hp/AppData/Local/Programs/MiKTeX 2.9/tex/latex/base/tuenc.def"
File: tuenc.def 2018/08/11 v2.0j Standard LaTeX file
LaTeX Font Info:    Redeclaring font encoding TU on input line 82.
))
("C:/Users/hp/AppData/Local/Programs/MiKTeX 2.9/tex/latex/fontspec/fontspec.cfg
")
LaTeX Info: Redefining \itshape on input line 3785.
LaTeX Info: Redefining \slshape on input line 3790.
LaTeX Info: Redefining \scshape on input line 3795.
LaTeX Info: Redefining \upshape on input line 3800.
LaTeX Info: Redefining \em on input line 3830.
LaTeX Info: Redefining \emph on input line 3855.
))
("C:/Users/hp/AppData/Local/Programs/MiKTeX 2.9/tex/latex/unicode-math/unicode-
math.sty"
Package: unicode-math 2019/09/26 v0.8p Unicode maths in XeLaTeX and LuaLaTeX

("C:/Users/hp/AppData/Local/Programs/MiKTeX 2.9/tex/latex/unicode-math/unicode-
math-luatex.sty"
Package: unicode-math-luatex 2019/09/26 v0.8p Unicode maths in XeLaTeX and LuaLa
TeX

("C:/Users/hp/AppData/Local/Programs/MiKTeX 2.9/tex/latex/l3packages/l3keys2e/l
3keys2e.sty"
Package: l3keys2e 2019-10-11 LaTeX2e option processing using LaTeX3 keys
)
("C:/Users/hp/AppData/Local/Programs/MiKTeX 2.9/tex/latex/base/fix-cm.sty"
Package: fix-cm 2015/01/14 v1.1t fixes to LaTeX

("C:/Users/hp/AppData/Local/Programs/MiKTeX 2.9/tex/latex/base/ts1enc.def"
File: ts1enc.def 2001/06/05 v3.0e (jk/car/fm) Standard LaTeX file
))
("C:/Users/hp/AppData/Local/Programs/MiKTeX 2.9/tex/latex/amsmath/amsmath.sty"
Package: amsmath 2019/11/16 v2.17d AMS math features
\@mathmargin=\skip78

For additional information on amsmath, use the `?' option.
("C:/Users/hp/AppData/Local/Programs/MiKTeX 2.9/tex/latex/amsmath/amstext.sty"
Package: amstext 2000/06/29 v2.01 AMS text

("C:/Users/hp/AppData/Local/Programs/MiKTeX 2.9/tex/latex/amsmath/amsgen.sty"
File: amsgen.sty 1999/11/30 v2.0 generic functions
\@emptytoks=\toks19
\ex@=\dimen151
)) ("C:/Users/hp/AppData/Local/Programs/MiKTeX 2.9/tex/latex/amsmath/amsbsy.sty
"
Package: amsbsy 1999/11/29 v1.2d Bold Symbols
\pmbraise@=\dimen152
) ("C:/Users/hp/AppData/Local/Programs/MiKTeX 2.9/tex/latex/amsmath/amsopn.sty"
Package: amsopn 2016/03/08 v2.02 operator names
)
\inf@bad=\count196
LaTeX Info: Redefining \frac on input line 227.
\uproot@=\count197
\leftroot@=\count198
LaTeX Info: Redefining \overline on input line 389.
\classnum@=\count199
\DOTSCASE@=\count266
LaTeX Info: Redefining \ldots on input line 486.
LaTeX Info: Redefining \dots on input line 489.
LaTeX Info: Redefining \cdots on input line 610.
\Mathstrutbox@=\box49
\strutbox@=\box50
\big@size=\dimen153
LaTeX Font Info:    Redeclaring font encoding OML on input line 733.
LaTeX Font Info:    Redeclaring font encoding OMS on input line 734.
\macc@depth=\count267
\c@MaxMatrixCols=\count268
\dotsspace@=\muskip16
\c@parentequation=\count269
\dspbrk@lvl=\count270
\tag@help=\toks20
\row@=\count271
\column@=\count272
\maxfields@=\count273
\andhelp@=\toks21
\eqnshift@=\dimen154
\alignsep@=\dimen155
\tagshift@=\dimen156
\tagwidth@=\dimen157
\totwidth@=\dimen158
\lineht@=\dimen159
\@envbody=\toks22
\multlinegap=\skip79
\multlinetaggap=\skip80
\mathdisplay@stack=\toks23
LaTeX Info: Redefining \[ on input line 2858.
LaTeX Info: Redefining \] on input line 2859.
)
("C:/Users/hp/AppData/Local/Programs/MiKTeX 2.9/tex/lualatex/lualatex-math/lual
atex-math.sty"
Package: lualatex-math 2019/01/21 v1.8 Patches for mathematics typesetting with 
LuaLaTeX

("C:/Users/hp/AppData/Local/Programs/MiKTeX 2.9/tex/latex/filehook/filehook.sty
"
Package: filehook 2019/10/03 v0.6 Hooks for input files
)
Lua module: lualatex-math 2013/08/03 1.3 Patches for mathematics typesetting wit
h LuaLaTeX

Package lualatex-math Info: I'm going to patch macro \subarray.


Package lualatex-math Info: I'm going to patch macro \frac .


Package lualatex-math Info: I'm going to patch macro \genfrac .

)
\g__um_fam_int=\count274
\g__um_fonts_used_int=\count275
\l__um_primecount_int=\count276
\g__um_primekern_muskip=\muskip17

("C:/Users/hp/AppData/Local/Programs/MiKTeX 2.9/tex/latex/unicode-math/unicode-
math-table.tex")))
("C:/Users/hp/AppData/Local/Programs/MiKTeX 2.9/tex/latex/fontawesome/fontaweso
me.sty"
Package: fontawesome 2016/05/15 v4.6.3.1 font awesome icons

("C:/Users/hp/AppData/Local/Programs/MiKTeX 2.9/tex/generic/iftex/ifluatex.sty"
Package: ifluatex 2019/10/25 v1.5 ifluatex legacy package. Use iftex instead.
)
("C:/Users/hp/AppData/Local/Programs/MiKTeX 2.9/tex/latex/fontawesome/fontaweso
mesymbols-generic.tex")

! LaTeX Error: \usepackage before \documentclass.

See the LaTeX manual or LaTeX Companion for explanation.
Type  H <return>  for immediate help.
 ...                                              
                                                  
l.42 \usepackage{
               fontspec}
? R
OK, entering \nonstopmode...
luaotfload | cache : Lookup cache loaded from C:/Users/hp/AppData/Local/MiKTeX/2
.9/luatex-cache/generic/names/luaotfload-lookup-cache.luc.
luaotfload | aux : font no 29 (nil) defines no feature for script latn
luaotfload | aux : font no 29 (nil) defines no feature for script dflt
("C:/Users/hp/AppData/Local/Programs/MiKTeX 2.9/tex/latex/fontawesome/fontaweso
mesymbols-xeluatex.tex"))
("C:/Users/hp/AppData/Local/Programs/MiKTeX 2.9/tex/latex/sourcesanspro/sources
anspro.sty"
Package: sourcesanspro 2016/12/03 v2.6 Adobe's Source Sans Pro typeface

("C:/Users/hp/AppData/Local/Programs/MiKTeX 2.9/tex/latex/xkeyval/xkeyval.sty"
Package: xkeyval 2014/12/03 v2.7a package option processing (HA)

("C:/Users/hp/AppData/Local/Programs/MiKTeX 2.9/tex/generic/xkeyval/xkeyval.tex
"
("C:/Users/hp/AppData/Local/Programs/MiKTeX 2.9/tex/generic/xkeyval/xkvutils.te
x"
\XKV@toks=\toks24
\XKV@tempa@toks=\toks25
)
\XKV@depth=\count277
File: xkeyval.tex 2014/12/03 v2.7a key=value parser (HA)
))
luaotfload | aux : font no 34 (nil) does not define feature smcp for script latn
 with language dflt
luaotfload | aux : font no 35 (nil) does not define feature smcp for script latn
 with language dflt
LaTeX Info: Redefining \sffamily on input line 123.
luaotfload | aux : font no 34 (nil) does not define feature smcp for script latn
 with language dflt
luaotfload | aux : font no 35 (nil) does not define feature smcp for script latn
 with language dflt
LaTeX Font Info:    Overwriting math alphabet `\mathsf' in version `normal'
(Font)                  OT1/cmss/m/n --> TU/SourceSansPro(1)/m/n on input line 1
23.
LaTeX Font Info:    Overwriting math alphabet `\mathsf' in version `bold'
(Font)                  OT1/cmss/bx/n --> TU/SourceSansPro(1)/bx/n on input line
 123.
luaotfload | aux : font no 34 (nil) does not define feature smcp for script latn
 with language dflt
luaotfload | aux : font no 35 (nil) does not define feature smcp for script latn
 with language dflt
luaotfload | aux : font no 39 (nil) does not define feature smcp for script latn
 with language dflt
luaotfload | aux : font no 40 (nil) does not define feature smcp for script latn
 with language dflt
luaotfload | aux : font no 44 (nil) does not define feature smcp for script latn
 with language dflt
luaotfload | aux : font no 45 (nil) does not define feature smcp for script latn
 with language dflt
luaotfload | aux : font no 34 (nil) does not define feature smcp for script latn
 with language dflt
luaotfload | aux : font no 35 (nil) does not define feature smcp for script latn
 with language dflt)
("C:/Users/hp/AppData/Local/Programs/MiKTeX 2.9/tex/latex/tcolorbox/tcolorbox.s
ty"
Package: tcolorbox 2019/11/15 version 4.22 text color boxes

("C:/Users/hp/AppData/Local/Programs/MiKTeX 2.9/tex/latex/pgf/basiclayer/pgf.st
y"
("C:/Users/hp/AppData/Local/Programs/MiKTeX 2.9/tex/latex/pgf/utilities/pgfrcs.
sty"
("C:/Users/hp/AppData/Local/Programs/MiKTeX 2.9/tex/generic/pgf/utilities/pgfut
il-common.tex"
\pgfutil@everybye=\toks26
\pgfutil@tempdima=\dimen160
\pgfutil@tempdimb=\dimen161

("C:/Users/hp/AppData/Local/Programs/MiKTeX 2.9/tex/generic/pgf/utilities/pgfut
il-common-lists.tex"))
("C:/Users/hp/AppData/Local/Programs/MiKTeX 2.9/tex/generic/pgf/utilities/pgfut
il-latex.def"
\pgfutil@abb=\box51

("C:/Users/hp/AppData/Local/Programs/MiKTeX 2.9/tex/latex/ms/everyshi.sty"
Package: everyshi 2001/05/15 v3.00 EveryShipout Package (MS)
))
("C:/Users/hp/AppData/Local/Programs/MiKTeX 2.9/tex/generic/pgf/utilities/pgfrc
s.code.tex"
("C:/Users/hp/AppData/Local/Programs/MiKTeX 2.9/tex/generic/pgf/pgf.revision.te
x")
Package: pgfrcs 2019/08/03 v3.1.4b (3.1.4b)
))
Package: pgf 2019/08/03 v3.1.4b (3.1.4b)

("C:/Users/hp/AppData/Local/Programs/MiKTeX 2.9/tex/latex/pgf/basiclayer/pgfcor
e.sty"
("C:/Users/hp/AppData/Local/Programs/MiKTeX 2.9/tex/latex/graphics/graphicx.sty
"
Package: graphicx 2017/06/01 v1.1a Enhanced LaTeX Graphics (DPC,SPQR)

("C:/Users/hp/AppData/Local/Programs/MiKTeX 2.9/tex/latex/graphics/graphics.sty
"
Package: graphics 2019/11/01 v1.3d Standard LaTeX Graphics (DPC,SPQR)
 ("C:/Users/hp/AppData/Local/Programs/MiKTeX 2.9/tex/latex/graphics/trig.sty"
Package: trig 2016/01/03 v1.10 sin cos tan (DPC)
)
("C:/Users/hp/AppData/Local/Programs/MiKTeX 2.9/tex/latex/graphics-cfg/graphics
.cfg"
File: graphics.cfg 2016/06/04 v1.11 sample graphics configuration
)
Package graphics Info: Driver file: luatex.def on input line 105.
)
\Gin@req@height=\dimen162
\Gin@req@width=\dimen163
)
("C:/Users/hp/AppData/Local/Programs/MiKTeX 2.9/tex/latex/pgf/systemlayer/pgfsy
s.sty"
("C:/Users/hp/AppData/Local/Programs/MiKTeX 2.9/tex/generic/pgf/systemlayer/pgf
sys.code.tex"
Package: pgfsys 2019/08/03 v3.1.4b (3.1.4b)

("C:/Users/hp/AppData/Local/Programs/MiKTeX 2.9/tex/generic/pgf/utilities/pgfke
ys.code.tex"
\pgfkeys@pathtoks=\toks27
\pgfkeys@temptoks=\toks28

("C:/Users/hp/AppData/Local/Programs/MiKTeX 2.9/tex/generic/pgf/utilities/pgfke
ysfiltered.code.tex"
\pgfkeys@tmptoks=\toks29
))
\pgf@x=\dimen164
\pgf@y=\dimen165
\pgf@xa=\dimen166
\pgf@ya=\dimen167
\pgf@xb=\dimen168
\pgf@yb=\dimen169
\pgf@xc=\dimen170
\pgf@yc=\dimen171
\pgf@xd=\dimen172
\pgf@yd=\dimen173
\w@pgf@writea=\write3
\r@pgf@reada=\read2
\c@pgf@counta=\count278
\c@pgf@countb=\count279
\c@pgf@countc=\count280
\c@pgf@countd=\count281
\t@pgf@toka=\toks30
\t@pgf@tokb=\toks31
\t@pgf@tokc=\toks32
\pgf@sys@id@count=\count282

("C:/Users/hp/AppData/Local/Programs/MiKTeX 2.9/tex/generic/pgf/systemlayer/pgf
.cfg"
File: pgf.cfg 2019/08/03 v3.1.4b (3.1.4b)
)
Driver file for pgf: pgfsys-luatex.def

("C:/Users/hp/AppData/Local/Programs/MiKTeX 2.9/tex/generic/pgf/systemlayer/pgf
sys-luatex.def"
File: pgfsys-luatex.def 2019/08/03 v3.1.4b (3.1.4b)

("C:/Users/hp/AppData/Local/Programs/MiKTeX 2.9/tex/generic/pgf/systemlayer/pgf
sys-common-pdf.def"
File: pgfsys-common-pdf.def 2019/08/03 v3.1.4b (3.1.4b)
)))
("C:/Users/hp/AppData/Local/Programs/MiKTeX 2.9/tex/generic/pgf/systemlayer/pgf
syssoftpath.code.tex"
File: pgfsyssoftpath.code.tex 2019/08/03 v3.1.4b (3.1.4b)
\pgfsyssoftpath@smallbuffer@items=\count283
\pgfsyssoftpath@bigbuffer@items=\count284
)
("C:/Users/hp/AppData/Local/Programs/MiKTeX 2.9/tex/generic/pgf/systemlayer/pgf
sysprotocol.code.tex"
File: pgfsysprotocol.code.tex 2019/08/03 v3.1.4b (3.1.4b)
))
("C:/Users/hp/AppData/Local/Programs/MiKTeX 2.9/tex/generic/pgf/basiclayer/pgfc
ore.code.tex"
Package: pgfcore 2019/08/03 v3.1.4b (3.1.4b)

("C:/Users/hp/AppData/Local/Programs/MiKTeX 2.9/tex/generic/pgf/math/pgfmath.co
de.tex"
("C:/Users/hp/AppData/Local/Programs/MiKTeX 2.9/tex/generic/pgf/math/pgfmathcal
c.code.tex"
("C:/Users/hp/AppData/Local/Programs/MiKTeX 2.9/tex/generic/pgf/math/pgfmathuti
l.code.tex")
("C:/Users/hp/AppData/Local/Programs/MiKTeX 2.9/tex/generic/pgf/math/pgfmathpar
ser.code.tex"
\pgfmath@dimen=\dimen174
\pgfmath@count=\count285
\pgfmath@box=\box52
\pgfmath@toks=\toks33
\pgfmath@stack@operand=\toks34
\pgfmath@stack@operation=\toks35
)
("C:/Users/hp/AppData/Local/Programs/MiKTeX 2.9/tex/generic/pgf/math/pgfmathfun
ctions.code.tex"
("C:/Users/hp/AppData/Local/Programs/MiKTeX 2.9/tex/generic/pgf/math/pgfmathfun
ctions.basic.code.tex")
("C:/Users/hp/AppData/Local/Programs/MiKTeX 2.9/tex/generic/pgf/math/pgfmathfun
ctions.trigonometric.code.tex")
("C:/Users/hp/AppData/Local/Programs/MiKTeX 2.9/tex/generic/pgf/math/pgfmathfun
ctions.random.code.tex")
("C:/Users/hp/AppData/Local/Programs/MiKTeX 2.9/tex/generic/pgf/math/pgfmathfun
ctions.comparison.code.tex")
("C:/Users/hp/AppData/Local/Programs/MiKTeX 2.9/tex/generic/pgf/math/pgfmathfun
ctions.base.code.tex")
("C:/Users/hp/AppData/Local/Programs/MiKTeX 2.9/tex/generic/pgf/math/pgfmathfun
ctions.round.code.tex")
("C:/Users/hp/AppData/Local/Programs/MiKTeX 2.9/tex/generic/pgf/math/pgfmathfun
ctions.misc.code.tex")
("C:/Users/hp/AppData/Local/Programs/MiKTeX 2.9/tex/generic/pgf/math/pgfmathfun
ctions.integerarithmetics.code.tex")))
("C:/Users/hp/AppData/Local/Programs/MiKTeX 2.9/tex/generic/pgf/math/pgfmathflo
at.code.tex"
\c@pgfmathroundto@lastzeros=\count286
))
("C:/Users/hp/AppData/Local/Programs/MiKTeX 2.9/tex/generic/pgf/math/pgfint.cod
e.tex")
("C:/Users/hp/AppData/Local/Programs/MiKTeX 2.9/tex/generic/pgf/basiclayer/pgfc
orepoints.code.tex"
File: pgfcorepoints.code.tex 2019/08/03 v3.1.4b (3.1.4b)
\pgf@picminx=\dimen175
\pgf@picmaxx=\dimen176
\pgf@picminy=\dimen177
\pgf@picmaxy=\dimen178
\pgf@pathminx=\dimen179
\pgf@pathmaxx=\dimen180
\pgf@pathminy=\dimen181
\pgf@pathmaxy=\dimen182
\pgf@xx=\dimen183
\pgf@xy=\dimen184
\pgf@yx=\dimen185
\pgf@yy=\dimen186
\pgf@zx=\dimen187
\pgf@zy=\dimen188
)
("C:/Users/hp/AppData/Local/Programs/MiKTeX 2.9/tex/generic/pgf/basiclayer/pgfc
orepathconstruct.code.tex"
File: pgfcorepathconstruct.code.tex 2019/08/03 v3.1.4b (3.1.4b)
\pgf@path@lastx=\dimen189
\pgf@path@lasty=\dimen190
)
("C:/Users/hp/AppData/Local/Programs/MiKTeX 2.9/tex/generic/pgf/basiclayer/pgfc
orepathusage.code.tex"
File: pgfcorepathusage.code.tex 2019/08/03 v3.1.4b (3.1.4b)
\pgf@shorten@end@additional=\dimen191
\pgf@shorten@start@additional=\dimen192
)
("C:/Users/hp/AppData/Local/Programs/MiKTeX 2.9/tex/generic/pgf/basiclayer/pgfc
orescopes.code.tex"
File: pgfcorescopes.code.tex 2019/08/03 v3.1.4b (3.1.4b)
\pgfpic=\box53
\pgf@hbox=\box54
\pgf@layerbox@main=\box55
\pgf@picture@serial@count=\count287
)
("C:/Users/hp/AppData/Local/Programs/MiKTeX 2.9/tex/generic/pgf/basiclayer/pgfc
oregraphicstate.code.tex"
File: pgfcoregraphicstate.code.tex 2019/08/03 v3.1.4b (3.1.4b)
\pgflinewidth=\dimen193
)
("C:/Users/hp/AppData/Local/Programs/MiKTeX 2.9/tex/generic/pgf/basiclayer/pgfc
oretransformations.code.tex"
File: pgfcoretransformations.code.tex 2019/08/03 v3.1.4b (3.1.4b)
\pgf@pt@x=\dimen194
\pgf@pt@y=\dimen195
\pgf@pt@temp=\dimen196
)
("C:/Users/hp/AppData/Local/Programs/MiKTeX 2.9/tex/generic/pgf/basiclayer/pgfc
orequick.code.tex"
File: pgfcorequick.code.tex 2019/08/03 v3.1.4b (3.1.4b)
)
("C:/Users/hp/AppData/Local/Programs/MiKTeX 2.9/tex/generic/pgf/basiclayer/pgfc
oreobjects.code.tex"
File: pgfcoreobjects.code.tex 2019/08/03 v3.1.4b (3.1.4b)
)
("C:/Users/hp/AppData/Local/Programs/MiKTeX 2.9/tex/generic/pgf/basiclayer/pgfc
orepathprocessing.code.tex"
File: pgfcorepathprocessing.code.tex 2019/08/03 v3.1.4b (3.1.4b)
)
("C:/Users/hp/AppData/Local/Programs/MiKTeX 2.9/tex/generic/pgf/basiclayer/pgfc
orearrows.code.tex"
File: pgfcorearrows.code.tex 2019/08/03 v3.1.4b (3.1.4b)
\pgfarrowsep=\dimen197
)
("C:/Users/hp/AppData/Local/Programs/MiKTeX 2.9/tex/generic/pgf/basiclayer/pgfc
oreshade.code.tex"
File: pgfcoreshade.code.tex 2019/08/03 v3.1.4b (3.1.4b)
\pgf@max=\dimen198
\pgf@sys@shading@range@num=\count288
\pgf@shadingcount=\count289
)
("C:/Users/hp/AppData/Local/Programs/MiKTeX 2.9/tex/generic/pgf/basiclayer/pgfc
oreimage.code.tex"
File: pgfcoreimage.code.tex 2019/08/03 v3.1.4b (3.1.4b)

("C:/Users/hp/AppData/Local/Programs/MiKTeX 2.9/tex/generic/pgf/basiclayer/pgfc
oreexternal.code.tex"
File: pgfcoreexternal.code.tex 2019/08/03 v3.1.4b (3.1.4b)
\pgfexternal@startupbox=\box56
))
("C:/Users/hp/AppData/Local/Programs/MiKTeX 2.9/tex/generic/pgf/basiclayer/pgfc
orelayers.code.tex"
File: pgfcorelayers.code.tex 2019/08/03 v3.1.4b (3.1.4b)
)
("C:/Users/hp/AppData/Local/Programs/MiKTeX 2.9/tex/generic/pgf/basiclayer/pgfc
oretransparency.code.tex"
File: pgfcoretransparency.code.tex 2019/08/03 v3.1.4b (3.1.4b)
)
("C:/Users/hp/AppData/Local/Programs/MiKTeX 2.9/tex/generic/pgf/basiclayer/pgfc
orepatterns.code.tex"
File: pgfcorepatterns.code.tex 2019/08/03 v3.1.4b (3.1.4b)
)
("C:/Users/hp/AppData/Local/Programs/MiKTeX 2.9/tex/generic/pgf/basiclayer/pgfc
orerdf.code.tex"
File: pgfcorerdf.code.tex 2019/08/03 v3.1.4b (3.1.4b)
)))
("C:/Users/hp/AppData/Local/Programs/MiKTeX 2.9/tex/generic/pgf/modules/pgfmodu
leshapes.code.tex"
File: pgfmoduleshapes.code.tex 2019/08/03 v3.1.4b (3.1.4b)
\pgfnodeparttextbox=\box57
)
("C:/Users/hp/AppData/Local/Programs/MiKTeX 2.9/tex/generic/pgf/modules/pgfmodu
leplot.code.tex"
File: pgfmoduleplot.code.tex 2019/08/03 v3.1.4b (3.1.4b)
)
("C:/Users/hp/AppData/Local/Programs/MiKTeX 2.9/tex/latex/pgf/compatibility/pgf
comp-version-0-65.sty"
Package: pgfcomp-version-0-65 2019/08/03 v3.1.4b (3.1.4b)
\pgf@nodesepstart=\dimen199
\pgf@nodesepend=\dimen256
)
("C:/Users/hp/AppData/Local/Programs/MiKTeX 2.9/tex/latex/pgf/compatibility/pgf
comp-version-1-18.sty"
Package: pgfcomp-version-1-18 2019/08/03 v3.1.4b (3.1.4b)
))
("C:/Users/hp/AppData/Local/Programs/MiKTeX 2.9/tex/latex/tools/verbatim.sty"
Package: verbatim 2019/11/10 v1.5r LaTeX2e package for verbatim enhancements
\every@verbatim=\toks36
\verbatim@line=\toks37
\verbatim@in@stream=\read3
)
("C:/Users/hp/AppData/Local/Programs/MiKTeX 2.9/tex/latex/environ/environ.sty"
Package: environ 2014/05/04 v0.3 A new way to define environments

("C:/Users/hp/AppData/Local/Programs/MiKTeX 2.9/tex/latex/trimspaces/trimspaces
.sty"
Package: trimspaces 2009/09/17 v1.1 Trim spaces around a token list
))
\tcb@titlebox=\box58
\tcb@upperbox=\box59
\tcb@lowerbox=\box60
\tcb@phantombox=\box61
\c@tcbbreakpart=\count290
\c@tcblayer=\count291
\tcolorbox@number=\count292
\tcb@temp=\box62
\tcb@temp=\box63
\tcb@temp=\box64
\tcb@temp=\box65
\tcb@out=\write4
\tcb@record@out=\write5

("C:/Users/hp/AppData/Local/Programs/MiKTeX 2.9/tex/latex/tcolorbox/tcbskins.co
de.tex"
Library (tcolorbox): 'tcbskins.code.tex' version '4.22'

("C:/Users/hp/AppData/Local/Programs/MiKTeX 2.9/tex/latex/pgf/frontendlayer/tik
z.sty"
("C:/Users/hp/AppData/Local/Programs/MiKTeX 2.9/tex/latex/pgf/utilities/pgffor.
sty"
("C:/Users/hp/AppData/Local/Programs/MiKTeX 2.9/tex/latex/pgf/utilities/pgfkeys
.sty"
("C:/Users/hp/AppData/Local/Programs/MiKTeX 2.9/tex/generic/pgf/utilities/pgfke
ys.code.tex"))
("C:/Users/hp/AppData/Local/Programs/MiKTeX 2.9/tex/latex/pgf/math/pgfmath.sty"

("C:/Users/hp/AppData/Local/Programs/MiKTeX 2.9/tex/generic/pgf/math/pgfmath.co
de.tex"))
("C:/Users/hp/AppData/Local/Programs/MiKTeX 2.9/tex/generic/pgf/utilities/pgffo
r.code.tex"
Package: pgffor 2019/08/03 v3.1.4b (3.1.4b)

("C:/Users/hp/AppData/Local/Programs/MiKTeX 2.9/tex/generic/pgf/math/pgfmath.co
de.tex")
\pgffor@iter=\dimen257
\pgffor@skip=\dimen258
\pgffor@stack=\toks38
\pgffor@toks=\toks39
))
("C:/Users/hp/AppData/Local/Programs/MiKTeX 2.9/tex/generic/pgf/frontendlayer/t
ikz/tikz.code.tex"
Package: tikz 2019/08/03 v3.1.4b (3.1.4b)

("C:/Users/hp/AppData/Local/Programs/MiKTeX 2.9/tex/generic/pgf/libraries/pgfli
braryplothandlers.code.tex"
File: pgflibraryplothandlers.code.tex 2019/08/03 v3.1.4b (3.1.4b)
\pgf@plot@mark@count=\count293
\pgfplotmarksize=\dimen259
)
\tikz@lastx=\dimen260
\tikz@lasty=\dimen261
\tikz@lastxsaved=\dimen262
\tikz@lastysaved=\dimen263
\tikz@lastmovetox=\dimen264
\tikz@lastmovetoy=\dimen265
\tikzleveldistance=\dimen266
\tikzsiblingdistance=\dimen267
\tikz@figbox=\box66
\tikz@figbox@bg=\box67
\tikz@tempbox=\box68
\tikz@tempbox@bg=\box69
\tikztreelevel=\count294
\tikznumberofchildren=\count295
\tikznumberofcurrentchild=\count296
\tikz@fig@count=\count297

("C:/Users/hp/AppData/Local/Programs/MiKTeX 2.9/tex/generic/pgf/modules/pgfmodu
lematrix.code.tex"
File: pgfmodulematrix.code.tex 2019/08/03 v3.1.4b (3.1.4b)
\pgfmatrixcurrentrow=\count298
\pgfmatrixcurrentcolumn=\count299
\pgf@matrix@numberofcolumns=\count300
)
\tikz@expandcount=\count301

("C:/Users/hp/AppData/Local/Programs/MiKTeX 2.9/tex/generic/pgf/frontendlayer/t
ikz/libraries/tikzlibrarytopaths.code.tex"
File: tikzlibrarytopaths.code.tex 2019/08/03 v3.1.4b (3.1.4b)
)))
\tcb@waterbox=\box70

("C:/Users/hp/AppData/Local/Programs/MiKTeX 2.9/tex/latex/tcolorbox/tcbskinsjig
saw.code.tex"
Library (tcolorbox): 'tcbskinsjigsaw.code.tex' version '4.22'
)))
("C:/Users/hp/AppData/Local/Programs/MiKTeX 2.9/tex/latex/parskip/parskip.sty"
Package: parskip 2019-01-16 v2.0c non-zero parskip adjustments

("C:/Users/hp/AppData/Local/Programs/MiKTeX 2.9/tex/latex/oberdiek/kvoptions.st
y"
Package: kvoptions 2016/05/16 v3.12 Key value format for package options (HO)

("C:/Users/hp/AppData/Local/Programs/MiKTeX 2.9/tex/generic/oberdiek/ltxcmds.st
y"
Package: ltxcmds 2016/05/16 v1.23 LaTeX kernel commands for general use (HO)
)
("C:/Users/hp/AppData/Local/Programs/MiKTeX 2.9/tex/generic/oberdiek/kvsetkeys.
sty"
Package: kvsetkeys 2016/05/16 v1.17 Key value parser (HO)

("C:/Users/hp/AppData/Local/Programs/MiKTeX 2.9/tex/generic/oberdiek/infwarerr.
sty"
Package: infwarerr 2016/05/16 v1.4 Providing info/warning/error messages (HO)
)
("C:/Users/hp/AppData/Local/Programs/MiKTeX 2.9/tex/generic/oberdiek/etexcmds.s
ty"
Package: etexcmds 2016/05/16 v1.6 Avoid name clashes with e-TeX commands (HO)
))))
("C:/Users/hp/AppData/Local/Programs/MiKTeX 2.9/tex/latex/hyperref/hyperref.sty
"
Package: hyperref 2019/11/10 v7.00c Hypertext links for LaTeX

("C:/Users/hp/AppData/Local/Programs/MiKTeX 2.9/tex/latex/pdftexcmds/pdftexcmds
.sty"
Package: pdftexcmds 2019/11/24 v0.31 Utility functions of pdfTeX for LuaTeX (HO)

Package pdftexcmds Info: \pdf@primitive is available.
Package pdftexcmds Info: \pdf@ifprimitive is available.
Package pdftexcmds Info: \pdfdraftmode found.
\pdftexcmds@toks=\toks40
)
("C:/Users/hp/AppData/Local/Programs/MiKTeX 2.9/tex/generic/oberdiek/kvdefineke
ys.sty"
Package: kvdefinekeys 2016/05/16 v1.4 Define keys (HO)
)
("C:/Users/hp/AppData/Local/Programs/MiKTeX 2.9/tex/generic/oberdiek/pdfescape.
sty"
Package: pdfescape 2016/05/16 v1.14 Implements pdfTeX's escape features (HO)
)
("C:/Users/hp/AppData/Local/Programs/MiKTeX 2.9/tex/latex/oberdiek/hycolor.sty"
Package: hycolor 2016/05/16 v1.8 Color options for hyperref/bookmark (HO)

("C:/Users/hp/AppData/Local/Programs/MiKTeX 2.9/tex/latex/oberdiek/xcolor-patch
.sty"
Package: xcolor-patch 2016/05/16 xcolor patch

("C:/Users/hp/AppData/Local/Programs/MiKTeX 2.9/tex/latex/oberdiek/hopatch.sty"
Package: hopatch 2016/05/16 v1.3 Wrapper for package hooks (HO)
)))
("C:/Users/hp/AppData/Local/Programs/MiKTeX 2.9/tex/latex/oberdiek/letltxmacro.
sty"
Package: letltxmacro 2016/05/16 v1.5 Let assignment for LaTeX macros (HO)
)
("C:/Users/hp/AppData/Local/Programs/MiKTeX 2.9/tex/latex/oberdiek/auxhook.sty"
Package: auxhook 2016/05/16 v1.4 Hooks for auxiliary files (HO)
)
\@linkdim=\dimen268
\Hy@linkcounter=\count302
\Hy@pagecounter=\count303
 ("C:/Users/hp/AppData/Local/Programs/MiKTeX 2.9/tex/latex/hyperref/pd1enc.def"
File: pd1enc.def 2019/11/10 v7.00c Hyperref: PDFDocEncoding definition (HO)
)
("C:/Users/hp/AppData/Local/Programs/MiKTeX 2.9/tex/generic/oberdiek/intcalc.st
y"
Package: intcalc 2016/05/16 v1.2 Expandable calculations with integers (HO)
)
\Hy@SavedSpaceFactor=\count304

("C:/Users/hp/AppData/Local/Programs/MiKTeX 2.9/tex/latex/00miktex/hyperref.cfg
"
File: hyperref.cfg 2002/06/06 v1.2 hyperref configuration of TeXLive
)
Package hyperref Info: Option `unicode' set `true' on input line 4409.
 ("C:/Users/hp/AppData/Local/Programs/MiKTeX 2.9/tex/latex/hyperref/puenc.def"
File: puenc.def 2019/11/10 v7.00c Hyperref: PDF Unicode definition (HO)
)
Package hyperref Info: Hyper figures OFF on input line 4535.
Package hyperref Info: Link nesting OFF on input line 4540.
Package hyperref Info: Hyper index ON on input line 4543.
Package hyperref Info: Plain pages OFF on input line 4550.
Package hyperref Info: Backreferencing OFF on input line 4555.
Package hyperref Info: Implicit mode ON; LaTeX internals redefined.
Package hyperref Info: Bookmarks ON on input line 4788.
\c@Hy@tempcnt=\count305
 ("C:/Users/hp/AppData/Local/Programs/MiKTeX 2.9/tex/latex/url/url.sty"
\Urlmuskip=\muskip18
Package: url 2013/09/16  ver 3.4  Verb mode for urls, etc.
)
LaTeX Info: Redefining \url on input line 5147.
\XeTeXLinkMargin=\dimen269

("C:/Users/hp/AppData/Local/Programs/MiKTeX 2.9/tex/generic/oberdiek/bitset.sty
"
Package: bitset 2016/05/16 v1.2 Handle bit-vector datatype (HO)

("C:/Users/hp/AppData/Local/Programs/MiKTeX 2.9/tex/generic/oberdiek/bigintcalc
.sty"
Package: bigintcalc 2016/05/16 v1.4 Expandable calculations on big integers (HO)

))
\Fld@menulength=\count306
\Field@Width=\dimen270
\Fld@charsize=\dimen271
Package hyperref Info: Hyper figures OFF on input line 6418.
Package hyperref Info: Link nesting OFF on input line 6423.
Package hyperref Info: Hyper index ON on input line 6426.
Package hyperref Info: backreferencing OFF on input line 6433.
Package hyperref Info: Link coloring OFF on input line 6438.
Package hyperref Info: Link coloring with OCG OFF on input line 6443.
Package hyperref Info: PDF/A mode OFF on input line 6448.
LaTeX Info: Redefining \ref on input line 6488.
LaTeX Info: Redefining \pageref on input line 6492.

("C:/Users/hp/AppData/Local/Programs/MiKTeX 2.9/tex/generic/oberdiek/atbegshi.s
ty"
Package: atbegshi 2016/06/09 v1.18 At begin shipout hook (HO)
)
\Hy@abspage=\count307
\c@Item=\count308
\c@Hfootnote=\count309
)
Package hyperref Info: Driver (autodetected): hluatex.

("C:/Users/hp/AppData/Local/Programs/MiKTeX 2.9/tex/latex/hyperref/hluatex.def"
File: hluatex.def 2019/11/10 v7.00c Hyperref driver for luaTeX

("C:/Users/hp/AppData/Local/Programs/MiKTeX 2.9/tex/generic/oberdiek/stringenc.
sty"
Package: stringenc 2016/05/16 v1.11 Convert strings between diff. encodings (HO)

)
("C:/Users/hp/AppData/Local/Programs/MiKTeX 2.9/tex/latex/oberdiek/atveryend.st
y"
Package: atveryend 2016/05/16 v1.9 Hooks at the very end of document (HO)
)
\Fld@listcount=\count310
\c@bookmark@seq@number=\count311

("C:/Users/hp/AppData/Local/Programs/MiKTeX 2.9/tex/latex/oberdiek/rerunfileche
ck.sty"
Package: rerunfilecheck 2016/05/16 v1.8 Rerun checks for auxiliary files (HO)

("C:/Users/hp/AppData/Local/Programs/MiKTeX 2.9/tex/generic/oberdiek/uniquecoun
ter.sty"
Package: uniquecounter 2016/05/16 v1.3 Provide unlimited unique counter (HO)
)
Package uniquecounter Info: New unique counter `rerunfilecheck' on input line 28
5.
)
\Hy@SectionHShift=\skip81
)
! Use of \@ doesn't match its definition.
<argument> ...ts_clist ,\l__fontspec_fontopts_clist ,Path=\@f
                                                  ontdir,}
l.166 \newfontfamily
                  \headerfont[
If you say, e.g., `\def\a1{...}', then you must always
put `1' after `\a', since control sequence names are
made up of letters only. The macro here has not been
followed by the required stuff, so I'm ignoring it.

luaotfload | db : Reload initiated (formats: otf,ttf,ttc); reason: "File not fou
nd: ontdirFontAwesome.".

! Package fontspec Error: The font "FontAwesome" cannot be found.

For immediate help type H <return>.
 ...                                              
                                                  
l.166 \newfontfamily
                  \headerfont[

A font might not be found for many reasons.
 Check the spelling, where the font is installed etc. etc.

 When in doubt, ask someone for help!


luaotfload | aux : no font with id 0
luaotfload | aux : no font with id 0

! Package fontspec Error: The font "FontAwesome" cannot be found.

For immediate help type H <return>.
 ...                                              
                                                  
l.166 \newfontfamily
                  \headerfont[

A font might not be found for many reasons.
 Check the spelling, where the font is installed etc. etc.

 When in doubt, ask someone for help!



! Package fontspec Error: The font "FontAwesome" cannot be found.

For immediate help type H <return>.
 ...                                              
                                                  
l.166 \newfontfamily
                  \headerfont[

A font might not be found for many reasons.
 Check the spelling, where the font is installed etc. etc.

 When in doubt, ask someone for help!


! Use of \@ doesn't match its definition.
<argument> ...info:nnnnnn {fontspec}{defining-font}}{Path=\@f
                                                  ontdir,}{FontAwesome}{}{}
l.166 \newfontfamily
                  \headerfont[
If you say, e.g., `\def\a1{...}', then you must always
put `1' after `\a', since control sequence names are
made up of letters only. The macro here has not been
followed by the required stuff, so I'm ignoring it.


! LaTeX3 Error: Command '\FA' already defined!

For immediate help type H <return>.
 ...                                              
                                                  
l.166 \newfontfamily
                  \headerfont[

You have used \NewDocumentCommand with a command that already has a
definition.

The existing definition of '\FA' will not be altered.


! Use of \@ doesn't match its definition.
<argument> ...s_clist ,\l__fontspec_fontopts_clist , Path=\@f
                                                  ontdir, UprightFont=*-Regu...
l.173 
    
If you say, e.g., `\def\a1{...}', then you must always
put `1' after `\a', since control sequence names are
made up of letters only. The macro here has not been
followed by the required stuff, so I'm ignoring it.


! Package fontspec Error: The font "Roboto-Regular" cannot be found.

For immediate help type H <return>.
 ...                                              
                                                  
l.173 
    

A font might not be found for many reasons.
 Check the spelling, where the font is installed etc. etc.

 When in doubt, ask someone for help!


luaotfload | aux : no font with id 0
luaotfload | aux : no font with id 0

! Package fontspec Error: The font "Roboto-Regular" cannot be found.

For immediate help type H <return>.
 ...                                              
                                                  
l.173 
    

A font might not be found for many reasons.
 Check the spelling, where the font is installed etc. etc.

 When in doubt, ask someone for help!



! Package fontspec Error: The font "Roboto-Regular" cannot be found.

For immediate help type H <return>.
 ...                                              
                                                  
l.173 
    

A font might not be found for many reasons.
 Check the spelling, where the font is installed etc. etc.

 When in doubt, ask someone for help!



! Package fontspec Error: The font "Roboto-Bold" cannot be found.

For immediate help type H <return>.
 ...                                              
                                                  
l.173 
    

A font might not be found for many reasons.
 Check the spelling, where the font is installed etc. etc.

 When in doubt, ask someone for help!



! Package fontspec Error: The font "Roboto-Bold" cannot be found.

For immediate help type H <return>.
 ...                                              
                                                  
l.173 
    

A font might not be found for many reasons.
 Check the spelling, where the font is installed etc. etc.

 When in doubt, ask someone for help!



! Package fontspec Error: The font "Roboto-Italic" cannot be found.

For immediate help type H <return>.
 ...                                              
                                                  
l.173 
    

A font might not be found for many reasons.
 Check the spelling, where the font is installed etc. etc.

 When in doubt, ask someone for help!



! Package fontspec Error: The font "Roboto-Italic" cannot be found.

For immediate help type H <return>.
 ...                                              
                                                  
l.173 
    

A font might not be found for many reasons.
 Check the spelling, where the font is installed etc. etc.

 When in doubt, ask someone for help!



! Package fontspec Error: The font "Roboto-BoldItalic" cannot be found.

For immediate help type H <return>.
 ...                                              
                                                  
l.173 
    

A font might not be found for many reasons.
 Check the spelling, where the font is installed etc. etc.

 When in doubt, ask someone for help!



! Package fontspec Error: The font "Roboto-BoldItalic" cannot be found.

For immediate help type H <return>.
 ...                                              
                                                  
l.173 
    

A font might not be found for many reasons.
 Check the spelling, where the font is installed etc. etc.

 When in doubt, ask someone for help!


! Use of \@ doesn't match its definition.
<argument> ...nfo:nnnnnn {fontspec}{defining-font}}{ Path=\@f
                                                  ontdir, UprightFont=*-Regu...
l.173 
    
If you say, e.g., `\def\a1{...}', then you must always
put `1' after `\a', since control sequence names are
made up of letters only. The macro here has not been
followed by the required stuff, so I'm ignoring it.

! Use of \@ doesn't match its definition.
<argument> ...s_clist ,\l__fontspec_fontopts_clist , Path=\@f
                                                  ontdir, UprightFont=*-Thin...
l.181 
    
If you say, e.g., `\def\a1{...}', then you must always
put `1' after `\a', since control sequence names are
made up of letters only. The macro here has not been
followed by the required stuff, so I'm ignoring it.


! Package fontspec Error: The font "Roboto-Thin" cannot be found.

For immediate help type H <return>.
 ...                                              
                                                  
l.181 
    

A font might not be found for many reasons.
 Check the spelling, where the font is installed etc. etc.

 When in doubt, ask someone for help!


luaotfload | aux : no font with id 0
luaotfload | aux : no font with id 0

! Package fontspec Error: The font "Roboto-Thin" cannot be found.

For immediate help type H <return>.
 ...                                              
                                                  
l.181 
    

A font might not be found for many reasons.
 Check the spelling, where the font is installed etc. etc.

 When in doubt, ask someone for help!



! Package fontspec Error: The font "Roboto-Thin" cannot be found.

For immediate help type H <return>.
 ...                                              
                                                  
l.181 
    

A font might not be found for many reasons.
 Check the spelling, where the font is installed etc. etc.

 When in doubt, ask someone for help!



! Package fontspec Error: The font "Roboto-Medium" cannot be found.

For immediate help type H <return>.
 ...                                              
                                                  
l.181 
    

A font might not be found for many reasons.
 Check the spelling, where the font is installed etc. etc.

 When in doubt, ask someone for help!



! Package fontspec Error: The font "Roboto-Medium" cannot be found.

For immediate help type H <return>.
 ...                                              
                                                  
l.181 
    

A font might not be found for many reasons.
 Check the spelling, where the font is installed etc. etc.

 When in doubt, ask someone for help!



! Package fontspec Error: The font "Roboto-ThinItalic" cannot be found.

For immediate help type H <return>.
 ...                                              
                                                  
l.181 
    

A font might not be found for many reasons.
 Check the spelling, where the font is installed etc. etc.

 When in doubt, ask someone for help!



! Package fontspec Error: The font "Roboto-ThinItalic" cannot be found.

For immediate help type H <return>.
 ...                                              
                                                  
l.181 
    

A font might not be found for many reasons.
 Check the spelling, where the font is installed etc. etc.

 When in doubt, ask someone for help!



! Package fontspec Error: The font "Roboto-MediumItalic" cannot be found.

For immediate help type H <return>.
 ...                                              
                                                  
l.181 
    

A font might not be found for many reasons.
 Check the spelling, where the font is installed etc. etc.

 When in doubt, ask someone for help!



! Package fontspec Error: The font "Roboto-MediumItalic" cannot be found.

For immediate help type H <return>.
 ...                                              
                                                  
l.181 
    

A font might not be found for many reasons.
 Check the spelling, where the font is installed etc. etc.

 When in doubt, ask someone for help!


! Use of \@ doesn't match its definition.
<argument> ...nfo:nnnnnn {fontspec}{defining-font}}{ Path=\@f
                                                  ontdir, UprightFont=*-Thin...
l.181 
    
If you say, e.g., `\def\a1{...}', then you must always
put `1' after `\a', since control sequence names are
made up of letters only. The macro here has not been
followed by the required stuff, so I'm ignoring it.

)
! Emergency stop.
<*> awesome-cv.cls
               
*** (job aborted, no legal \end found)



Here is how much of LuaTeX's memory you used:
 41251 strings out of 493869
 100000,1144653 words of node,token memory allocated 555 words of node memory still in use:
   3 hlist, 1 rule, 1 dir, 3 kern, 1 glyph, 6 attribute, 79 glue_spec, 6 attribu
te_list, 1 write, 1 pdf_colorstack nodes
   avail lists: 2:26,3:3,4:1,5:7,7:3,9:2,10:1
 45015 multiletter control sequences out of 65536+200000
 45 fonts using 9779607 bytes
 65i,0n,87p,799b,429s stack positions out of 5000i,500n,10000p,200000b,50000s
!  ==> Fatal error occurred, no output PDF file produced!
